Using pre-set license
Built from '2020.3/staging' branch; Version is '2020.3.25f1 (9b9180224418) revision 10195328'; Using compiler version '192528614'; Build Type 'Release'
OS: 'Windows 10  (10.0.19043) 64bit Professional' Language: 'zh' Physical Memory: 16217 MB
BatchMode: 1, IsHumanControllingUs: 0, StartBugReporterOnCrash: 0, Is64bit: 1, IsPro: 0

COMMAND LINE ARGUMENTS:
C:\Program Files\Unity\Hub\Editor\2020.3.25f1\Editor\Unity.exe
-adb2
-batchMode
-noUpm
-name
AssetImportWorker0
-projectPath
D:/40725054_01/40725054_01/40725054_01
-logFile
Logs/AssetImportWorker0.log
-srvPort
6945
Successfully changed project path to: D:/40725054_01/40725054_01/40725054_01
D:/40725054_01/40725054_01/40725054_01
Using Asset Import Pipeline V2.
Refreshing native plugins compatible for Editor in 37.28 ms, found 3 plugins.
Preloading 0 native plugins for Editor in 0.00 ms.
Initialize engine version: 2020.3.25f1 (9b9180224418)
[Subsystems] Discovering subsystems at path C:/Program Files/Unity/Hub/Editor/2020.3.25f1/Editor/Data/Resources/UnitySubsystems
[Subsystems] Discovering subsystems at path D:/40725054_01/40725054_01/40725054_01/Assets
GfxDevice: creating device client; threaded=0
Direct3D:
    Version:  Direct3D 11.0 [level 11.1]
    Renderer: NVIDIA GeForce GTX 1650 SUPER (ID=0x2187)
    Vendor:   
    VRAM:     3955 MB
    Driver:   27.21.14.5671
Initialize mono
Mono path[0] = 'C:/Program Files/Unity/Hub/Editor/2020.3.25f1/Editor/Data/Managed'
Mono path[1] = 'C:/Program Files/Unity/Hub/Editor/2020.3.25f1/Editor/Data/MonoBleedingEdge/lib/mono/unityjit'
Mono config path = 'C:/Program Files/Unity/Hub/Editor/2020.3.25f1/Editor/Data/MonoBleedingEdge/etc'
Using monoOptions --debugger-agent=transport=dt_socket,embedding=1,server=y,suspend=n,address=127.0.0.1:56656
Begin MonoManager ReloadAssembly
Registering precompiled unity dll's ...
Register platform support module: C:/Program Files/Unity/Hub/Editor/2020.3.25f1/Editor/Data/PlaybackEngines/WebGLSupport/UnityEditor.WebGL.Extensions.dll
Register platform support module: C:/Program Files/Unity/Hub/Editor/2020.3.25f1/Editor/Data/PlaybackEngines/WindowsStandaloneSupport/UnityEditor.WindowsStandalone.Extensions.dll
Registered in 0.004057 seconds.
Native extension for WindowsStandalone target not found
Native extension for WebGL target not found
Refreshing native plugins compatible for Editor in 34.89 ms, found 3 plugins.
Preloading 0 native plugins for Editor in 0.00 ms.
Mono: successfully reloaded assembly
- Completed reload, in  0.502 seconds
Domain Reload Profiling:
	ReloadAssembly (502ms)
		BeginReloadAssembly (61ms)
			ExecutionOrderSort (0ms)
			DisableScriptedObjects (0ms)
			BackupInstance (0ms)
			ReleaseScriptingObjects (0ms)
			CreateAndSetChildDomain (1ms)
		EndReloadAssembly (370ms)
			LoadAssemblies (58ms)
			RebuildTransferFunctionScriptingTraits (0ms)
			SetupTypeCache (122ms)
			ReleaseScriptCaches (0ms)
			RebuildScriptCaches (25ms)
			SetupLoadedEditorAssemblies (133ms)
				LogAssemblyErrors (0ms)
				InitializePlatformSupportModulesInManaged (5ms)
				SetLoadedEditorAssemblies (0ms)
				RefreshPlugins (35ms)
				BeforeProcessingInitializeOnLoad (7ms)
				ProcessInitializeOnLoadAttributes (64ms)
				ProcessInitializeOnLoadMethodAttributes (23ms)
				AfterProcessingInitializeOnLoad (0ms)
				EditorAssembliesLoaded (0ms)
			ExecutionOrderSort2 (0ms)
			AwakeInstancesAfterBackupRestoration (0ms)
Platform modules already initialized, skipping
Registering precompiled user dll's ...
Registered in 0.004698 seconds.
Begin MonoManager ReloadAssembly
Native extension for WindowsStandalone target not found
Native extension for WebGL target not found
Refreshing native plugins compatible for Editor in 35.99 ms, found 3 plugins.
Preloading 0 native plugins for Editor in 0.00 ms.
Mono: successfully reloaded assembly
- Completed reload, in  0.974 seconds
Domain Reload Profiling:
	ReloadAssembly (975ms)
		BeginReloadAssembly (131ms)
			ExecutionOrderSort (0ms)
			DisableScriptedObjects (4ms)
			BackupInstance (0ms)
			ReleaseScriptingObjects (0ms)
			CreateAndSetChildDomain (14ms)
		EndReloadAssembly (781ms)
			LoadAssemblies (98ms)
			RebuildTransferFunctionScriptingTraits (0ms)
			SetupTypeCache (249ms)
			ReleaseScriptCaches (0ms)
			RebuildScriptCaches (39ms)
			SetupLoadedEditorAssemblies (300ms)
				LogAssemblyErrors (0ms)
				InitializePlatformSupportModulesInManaged (4ms)
				SetLoadedEditorAssemblies (0ms)
				RefreshPlugins (36ms)
				BeforeProcessingInitializeOnLoad (78ms)
				ProcessInitializeOnLoadAttributes (157ms)
				ProcessInitializeOnLoadMethodAttributes (13ms)
				AfterProcessingInitializeOnLoad (12ms)
				EditorAssembliesLoaded (0ms)
			ExecutionOrderSort2 (0ms)
			AwakeInstancesAfterBackupRestoration (5ms)
Platform modules already initialized, skipping
========================================================================
Worker process is ready to serve import requests
Launched and connected shader compiler UnityShaderCompiler.exe after 0.03 seconds
Refreshing native plugins compatible for Editor in 0.59 ms, found 3 plugins.
Preloading 0 native plugins for Editor in 0.00 ms.
Unloading 2194 Unused Serialized files (Serialized files now loaded: 0)
System memory in use before: 95.8 MB.
System memory in use after: 95.9 MB.

Unloading 28 unused Assets to reduce memory usage. Loaded Objects now: 2627.
Total: 2.462500 ms (FindLiveObjects: 0.135700 ms CreateObjectMapping: 0.061100 ms MarkObjects: 2.214000 ms  DeleteObjects: 0.051000 ms)

AssetImportParameters requested are different than current active one (requested -> active):
  custom:framework-win-MediaFoundation: 216162199b28c13a410421893ffa2e32 -> 
  custom:video-decoder-ogg-theora: a1e56fd34408186e4bbccfd4996cb3dc -> 
  custom:container-muxer-webm: aa71ff27fc2769a1b78a27578f13a17b -> 
  custom:container-demuxer-webm: 4f35f7cbe854078d1ac9338744f61a02 -> 
  custom:container-demuxer-ogg: 62fdf1f143b41e24485cea50d1cbac27 -> 
  custom:video-encoder-webm-vp8: eb34c28f22e8b96e1ab97ce403110664 -> 
  custom:video-decoder-webm-vp8: 9c59270c3fd7afecdb556c50c9e8de78 -> 
  custom:audio-decoder-ogg-vorbis: bf7c407c2cedff20999df2af8eb42d56 -> 
  custom:audio-encoder-webm-vorbis: bf7c407c2cedff20999df2af8eb42d56 -> 
========================================================================
Received Import Request.
  path: Assets/Photo
  artifactKey: Guid(d68fff6646355f64498640395a2333ad) Importer(815301076,1909f56bfc062723c751e8b465ee728b)
Start importing Assets/Photo using Guid(d68fff6646355f64498640395a2333ad) Importer(815301076,1909f56bfc062723c751e8b465ee728b)  -> (artifact id: '9d0ad10d22b5cd0a1b456137958c600a') in 0.015214 seconds 
  Import took 0.017723 seconds .

========================================================================
Received Import Request.
  Time since last request: 40.524272 seconds.
  path: Assets/Photo/buildings.png
  artifactKey: Guid(87df25b7b31b9d640803cf942fa4c818) Importer(815301076,1909f56bfc062723c751e8b465ee728b)
Start importing Assets/Photo/buildings.png using Guid(87df25b7b31b9d640803cf942fa4c818) Importer(815301076,1909f56bfc062723c751e8b465ee728b)  -> (artifact id: 'd2d20cddbdb30f5d000262ba7157b462') in 0.141054 seconds 
  Import took 0.144149 seconds .

========================================================================
Received Prepare
Registering precompiled user dll's ...
Registered in 0.004467 seconds.
Begin MonoManager ReloadAssembly
Native extension for WindowsStandalone target not found
Native extension for WebGL target not found
Refreshing native plugins compatible for Editor in 0.40 ms, found 3 plugins.
Preloading 0 native plugins for Editor in 0.00 ms.
Mono: successfully reloaded assembly
- Completed reload, in  0.862 seconds
Domain Reload Profiling:
	ReloadAssembly (862ms)
		BeginReloadAssembly (108ms)
			ExecutionOrderSort (0ms)
			DisableScriptedObjects (5ms)
			BackupInstance (0ms)
			ReleaseScriptingObjects (0ms)
			CreateAndSetChildDomain (27ms)
		EndReloadAssembly (692ms)
			LoadAssemblies (96ms)
			RebuildTransferFunctionScriptingTraits (0ms)
			SetupTypeCache (234ms)
			ReleaseScriptCaches (1ms)
			RebuildScriptCaches (33ms)
			SetupLoadedEditorAssemblies (257ms)
				LogAssemblyErrors (0ms)
				InitializePlatformSupportModulesInManaged (5ms)
				SetLoadedEditorAssemblies (0ms)
				RefreshPlugins (0ms)
				BeforeProcessingInitializeOnLoad (69ms)
				ProcessInitializeOnLoadAttributes (161ms)
				ProcessInitializeOnLoadMethodAttributes (9ms)
				AfterProcessingInitializeOnLoad (12ms)
				EditorAssembliesLoaded (0ms)
			ExecutionOrderSort2 (0ms)
			AwakeInstancesAfterBackupRestoration (7ms)
Platform modules already initialized, skipping
Refreshing native plugins compatible for Editor in 0.37 ms, found 3 plugins.
Preloading 0 native plugins for Editor in 0.00 ms.
Unloading 2183 Unused Serialized files (Serialized files now loaded: 0)
System memory in use before: 98.1 MB.
System memory in use after: 98.2 MB.

Unloading 17 unused Assets to reduce memory usage. Loaded Objects now: 2635.
Total: 2.365600 ms (FindLiveObjects: 0.137500 ms CreateObjectMapping: 0.058600 ms MarkObjects: 2.158400 ms  DeleteObjects: 0.010600 ms)

AssetImportParameters requested are different than current active one (requested -> active):
  custom:framework-win-MediaFoundation: 216162199b28c13a410421893ffa2e32 -> 
  custom:video-decoder-ogg-theora: a1e56fd34408186e4bbccfd4996cb3dc -> 
  custom:container-muxer-webm: aa71ff27fc2769a1b78a27578f13a17b -> 
  custom:container-demuxer-webm: 4f35f7cbe854078d1ac9338744f61a02 -> 
  custom:container-demuxer-ogg: 62fdf1f143b41e24485cea50d1cbac27 -> 
  custom:video-encoder-webm-vp8: eb34c28f22e8b96e1ab97ce403110664 -> 
  custom:video-decoder-webm-vp8: 9c59270c3fd7afecdb556c50c9e8de78 -> 
  custom:audio-decoder-ogg-vorbis: bf7c407c2cedff20999df2af8eb42d56 -> 
  custom:audio-encoder-webm-vorbis: bf7c407c2cedff20999df2af8eb42d56 -> 
========================================================================
Received Import Request.
  Time since last request: 129.934038 seconds.
  path: Assets/Photo/NPC's.png
  artifactKey: Guid(eb92b907a7c4d0a41b66d9c1636a18d4) Importer(815301076,1909f56bfc062723c751e8b465ee728b)
Start importing Assets/Photo/NPC's.png using Guid(eb92b907a7c4d0a41b66d9c1636a18d4) Importer(815301076,1909f56bfc062723c751e8b465ee728b)  -> (artifact id: 'fad92fdd30c0213134acc9f1aebca949') in 0.058533 seconds 
  Import took 0.061459 seconds .

========================================================================
Received Import Request.
  Time since last request: 716.725125 seconds.
  path: Assets/Photo/buildings.png
  artifactKey: Guid(87df25b7b31b9d640803cf942fa4c818) Importer(815301076,1909f56bfc062723c751e8b465ee728b)
Start importing Assets/Photo/buildings.png using Guid(87df25b7b31b9d640803cf942fa4c818) Importer(815301076,1909f56bfc062723c751e8b465ee728b)  -> (artifact id: '3b6d0b1d534c46f64cc22760b3d72048') in 0.024197 seconds 
  Import took 0.026860 seconds .

========================================================================
Received Import Request.
  Time since last request: 441.640462 seconds.
  path: Assets/Photo/buildings.png
  artifactKey: Guid(87df25b7b31b9d640803cf942fa4c818) Importer(815301076,1909f56bfc062723c751e8b465ee728b)
Start importing Assets/Photo/buildings.png using Guid(87df25b7b31b9d640803cf942fa4c818) Importer(815301076,1909f56bfc062723c751e8b465ee728b)  -> (artifact id: '7d063a9d6874cb9328c716b6fe7ea0e3') in 0.052273 seconds 
  Import took 0.055275 seconds .

========================================================================
Received Import Request.
  Time since last request: 69.023554 seconds.
  path: Assets/Photo/NPC's.png
  artifactKey: Guid(eb92b907a7c4d0a41b66d9c1636a18d4) Importer(815301076,1909f56bfc062723c751e8b465ee728b)
Start importing Assets/Photo/NPC's.png using Guid(eb92b907a7c4d0a41b66d9c1636a18d4) Importer(815301076,1909f56bfc062723c751e8b465ee728b)  -> (artifact id: 'f02f9e90aa4f95a45fab9cfa7ed7b5f8') in 0.023971 seconds 
  Import took 0.026651 seconds .

========================================================================
Received Import Request.
  Time since last request: 49.305825 seconds.
  path: Assets/Photo/NPC's.png
  artifactKey: Guid(eb92b907a7c4d0a41b66d9c1636a18d4) Importer(815301076,1909f56bfc062723c751e8b465ee728b)
Start importing Assets/Photo/NPC's.png using Guid(eb92b907a7c4d0a41b66d9c1636a18d4) Importer(815301076,1909f56bfc062723c751e8b465ee728b)  -> (artifact id: '37c916e603645c14e85d50dd55cac3d5') in 0.055025 seconds 
  Import took 0.057754 seconds .

AssetImportWorkerClient::OnTransportError - code=2 error=End of file
